#! /usr/bin/vvp
:ivl_version "11.0 (stable)";
:ivl_delay_selection "TYPICAL";
:vpi_time_precision - 12;
:vpi_module "/usr/lib/x86_64-linux-gnu/ivl/system.vpi";
:vpi_module "/usr/lib/x86_64-linux-gnu/ivl/vhdl_sys.vpi";
:vpi_module "/usr/lib/x86_64-linux-gnu/ivl/vhdl_textio.vpi";
:vpi_module "/usr/lib/x86_64-linux-gnu/ivl/v2005_math.vpi";
:vpi_module "/usr/lib/x86_64-linux-gnu/ivl/va_math.vpi";
S_0x558f684f8df0 .scope module, "bitmask_tb" "bitmask_tb" 2 2;
 .timescale -9 -12;
v0x558f68547520_0 .var "addr_tb", 7 0;
v0x558f68547600_0 .var "c_en_tb", 0 0;
v0x558f685476d0_0 .var "data_tb", 31 0;
v0x558f685477d0_0 .net "r_data_tb", 31 0, v0x558f68547190_0;  1 drivers
v0x558f685478a0_0 .var "wr_tb", 0 0;
v0x558f68547990_0 .var "wrmask_tb", 31 0;
S_0x558f684f8f80 .scope module, "u_mem" "bitmask" 2 19, 3 1 0, S_0x558f684f8df0;
 .timescale -9 -12;
    .port_info 0 /INPUT 8 "addr";
    .port_info 1 /INPUT 32 "data";
    .port_info 2 /INPUT 1 "c_en";
    .port_info 3 /INPUT 1 "wr";
    .port_info 4 /INPUT 32 "wrmask";
    .port_info 5 /OUTPUT 32 "r_data";
v0x558f68534460_0 .net "addr", 7 0, v0x558f68547520_0;  1 drivers
v0x558f68547010_0 .net "c_en", 0 0, v0x558f68547600_0;  1 drivers
v0x558f685470d0_0 .net "data", 31 0, v0x558f685476d0_0;  1 drivers
v0x558f68547190_0 .var "r_data", 31 0;
v0x558f68547270_0 .net "wr", 0 0, v0x558f685478a0_0;  1 drivers
v0x558f68547380_0 .net "wrmask", 31 0, v0x558f68547990_0;  1 drivers
E_0x558f68535c30 .event posedge, v0x558f68547010_0;
    .scope S_0x558f684f8f80;
T_0 ;
    %wait E_0x558f68535c30;
    %load/vec4 v0x558f68547270_0;
    %pad/u 32;
    %cmpi/e 1, 0, 32;
    %jmp/0xz  T_0.0, 4;
    %load/vec4 v0x558f685470d0_0;
    %load/vec4 v0x558f68547380_0;
    %and;
    %assign/vec4 v0x558f68547190_0, 0;
    %jmp T_0.1;
T_0.0 ;
    %load/vec4 v0x558f68534460_0;
    %pad/u 32;
    %assign/vec4 v0x558f68547190_0, 0;
T_0.1 ;
    %jmp T_0;
    .thread T_0;
    .scope S_0x558f684f8df0;
T_1 ;
    %pushi/vec4 1, 0, 1;
    %store/vec4 v0x558f68547600_0, 0, 1;
    %pushi/vec4 623460352, 0, 32;
    %store/vec4 v0x558f685476d0_0, 0, 32;
    %pushi/vec4 1, 0, 8;
    %store/vec4 v0x558f68547520_0, 0, 8;
    %pushi/vec4 1, 0, 1;
    %store/vec4 v0x558f685478a0_0, 0, 1;
    %pushi/vec4 1879048192, 0, 32;
    %store/vec4 v0x558f68547990_0, 0, 32;
    %delay 10000, 0;
    %end;
    .thread T_1;
    .scope S_0x558f684f8df0;
T_2 ;
    %vpi_call 2 28 "$dumpfile", "bitmask.vcd" {0 0 0};
    %vpi_call 2 29 "$dumpvars", 32'sb00000000000000000000000000000000, S_0x558f684f8df0 {0 0 0};
    %end;
    .thread T_2;
# The file index is used to find the file name in the following table.
:file_names 4;
    "N/A";
    "<interactive>";
    "mask_tb.v";
    "mask.v";
