#! /usr/bin/vvp
:ivl_version "11.0 (stable)";
:ivl_delay_selection "TYPICAL";
:vpi_time_precision - 12;
:vpi_module "/usr/lib/x86_64-linux-gnu/ivl/system.vpi";
:vpi_module "/usr/lib/x86_64-linux-gnu/ivl/vhdl_sys.vpi";
:vpi_module "/usr/lib/x86_64-linux-gnu/ivl/vhdl_textio.vpi";
:vpi_module "/usr/lib/x86_64-linux-gnu/ivl/v2005_math.vpi";
:vpi_module "/usr/lib/x86_64-linux-gnu/ivl/va_math.vpi";
S_0x55b8c3ededc0 .scope module, "count_tb" "count_tb" 2 2;
 .timescale -9 -12;
v0x55b8c3f2c670_0 .var "clk_tb", 0 0;
v0x55b8c3f2c730_0 .var "cntin_tb", 4 0;
v0x55b8c3f2c800_0 .var "enable_tb", 0 0;
v0x55b8c3f2c900_0 .var "load_tb", 0 0;
v0x55b8c3f2c9d0_0 .var "rst_tb", 0 0;
S_0x55b8c3edef50 .scope module, "u_ad" "count" 2 49, 3 1 0, S_0x55b8c3ededc0;
 .timescale -9 -12;
    .port_info 0 /INPUT 5 "cntin";
    .port_info 1 /INPUT 1 "enable";
    .port_info 2 /INPUT 1 "load";
    .port_info 3 /INPUT 1 "clk";
    .port_info 4 /OUTPUT 5 "cntout";
    .port_info 5 /INPUT 1 "rst";
v0x55b8c3f19ff0_0 .net "clk", 0 0, v0x55b8c3f2c670_0;  1 drivers
v0x55b8c3f2c180_0 .net "cntin", 4 0, v0x55b8c3f2c730_0;  1 drivers
v0x55b8c3f2c260_0 .var "cntout", 4 0;
v0x55b8c3f2c320_0 .net "enable", 0 0, v0x55b8c3f2c800_0;  1 drivers
v0x55b8c3f2c3e0_0 .net "load", 0 0, v0x55b8c3f2c900_0;  1 drivers
v0x55b8c3f2c4f0_0 .net "rst", 0 0, v0x55b8c3f2c9d0_0;  1 drivers
E_0x55b8c3f1aa60 .event posedge, v0x55b8c3f19ff0_0;
    .scope S_0x55b8c3edef50;
T_0 ;
    %wait E_0x55b8c3f1aa60;
    %load/vec4 v0x55b8c3f2c4f0_0;
    %pad/u 32;
    %cmpi/e 1, 0, 32;
    %jmp/0xz  T_0.0, 4;
    %pushi/vec4 0, 0, 5;
    %store/vec4 v0x55b8c3f2c260_0, 0, 5;
    %jmp T_0.1;
T_0.0 ;
    %load/vec4 v0x55b8c3f2c3e0_0;
    %load/vec4 v0x55b8c3f2c320_0;
    %and;
    %flag_set/vec4 8;
    %jmp/0 T_0.2, 8;
    %load/vec4 v0x55b8c3f2c180_0;
    %jmp/1 T_0.3, 8;
T_0.2 ; End of true expr.
    %pushi/vec4 0, 0, 5;
    %jmp/0 T_0.3, 8;
 ; End of false expr.
    %blend;
T_0.3;
    %assign/vec4 v0x55b8c3f2c260_0, 0;
T_0.1 ;
    %jmp T_0;
    .thread T_0;
    .scope S_0x55b8c3ededc0;
T_1 ;
    %delay 20000, 0;
    %pushi/vec4 21, 0, 5;
    %store/vec4 v0x55b8c3f2c730_0, 0, 5;
    %pushi/vec4 1, 0, 1;
    %store/vec4 v0x55b8c3f2c900_0, 0, 1;
    %pushi/vec4 1, 0, 1;
    %store/vec4 v0x55b8c3f2c800_0, 0, 1;
    %pushi/vec4 0, 0, 1;
    %store/vec4 v0x55b8c3f2c670_0, 0, 1;
    %pushi/vec4 0, 0, 1;
    %store/vec4 v0x55b8c3f2c9d0_0, 0, 1;
    %end;
    .thread T_1;
    .scope S_0x55b8c3ededc0;
T_2 ;
    %vpi_call 2 51 "$dumpfile", "count.vcd" {0 0 0};
    %vpi_call 2 52 "$dumpvars", 32'sb00000000000000000000000000000000, S_0x55b8c3ededc0 {0 0 0};
    %end;
    .thread T_2;
    .scope S_0x55b8c3ededc0;
T_3 ;
    %delay 10000, 0;
    %load/vec4 v0x55b8c3f2c670_0;
    %inv;
    %store/vec4 v0x55b8c3f2c670_0, 0, 1;
    %jmp T_3;
    .thread T_3;
# The file index is used to find the file name in the following table.
:file_names 4;
    "N/A";
    "<interactive>";
    "count_tb.v";
    "count.v";
