#! /usr/bin/vvp
:ivl_version "11.0 (stable)";
:ivl_delay_selection "TYPICAL";
:vpi_time_precision - 12;
:vpi_module "/usr/lib/x86_64-linux-gnu/ivl/system.vpi";
:vpi_module "/usr/lib/x86_64-linux-gnu/ivl/vhdl_sys.vpi";
:vpi_module "/usr/lib/x86_64-linux-gnu/ivl/vhdl_textio.vpi";
:vpi_module "/usr/lib/x86_64-linux-gnu/ivl/v2005_math.vpi";
:vpi_module "/usr/lib/x86_64-linux-gnu/ivl/va_math.vpi";
S_0x55c565c03580 .scope module, "ha" "ha" 2 4;
 .timescale -9 -12;
v0x55c565c13880_0 .var "a_tb", 0 0;
v0x55c565c13940_0 .var "b_tb", 0 0;
v0x55c565c13a10_0 .net "cout_tb", 0 0, L_0x55c565c13d40;  1 drivers
v0x55c565c13b10_0 .net "sum_tb", 0 0, L_0x55c565c13be0;  1 drivers
S_0x55c565c03710 .scope module, "u_ab" "half_adder" 2 26, 3 1 0, S_0x55c565c03580;
 .timescale -9 -12;
    .port_info 0 /INPUT 1 "a";
    .port_info 1 /INPUT 1 "b";
    .port_info 2 /OUTPUT 1 "sum";
    .port_info 3 /OUTPUT 1 "cout";
L_0x55c565c13be0 .functor XOR 1, v0x55c565c13880_0, v0x55c565c13940_0, C4<0>, C4<0>;
L_0x55c565c13d40 .functor AND 1, v0x55c565c13880_0, v0x55c565c13940_0, C4<1>, C4<1>;
v0x55c565bc8cf0_0 .net "a", 0 0, v0x55c565c13880_0;  1 drivers
v0x55c565c13580_0 .net "b", 0 0, v0x55c565c13940_0;  1 drivers
v0x55c565c13640_0 .net "cout", 0 0, L_0x55c565c13d40;  alias, 1 drivers
v0x55c565c13710_0 .net "sum", 0 0, L_0x55c565c13be0;  alias, 1 drivers
    .scope S_0x55c565c03580;
T_0 ;
    %pushi/vec4 0, 0, 1;
    %store/vec4 v0x55c565c13880_0, 0, 1;
    %pushi/vec4 1, 0, 1;
    %store/vec4 v0x55c565c13940_0, 0, 1;
    %delay 2000, 0;
    %pushi/vec4 0, 0, 1;
    %store/vec4 v0x55c565c13880_0, 0, 1;
    %pushi/vec4 0, 0, 1;
    %store/vec4 v0x55c565c13940_0, 0, 1;
    %delay 2000, 0;
    %pushi/vec4 1, 0, 1;
    %store/vec4 v0x55c565c13880_0, 0, 1;
    %pushi/vec4 1, 0, 1;
    %store/vec4 v0x55c565c13940_0, 0, 1;
    %delay 2000, 0;
    %end;
    .thread T_0;
    .scope S_0x55c565c03580;
T_1 ;
    %vpi_call 2 32 "$dumpfile", "ha.vcd" {0 0 0};
    %vpi_call 2 33 "$dumpvars", 32'sb00000000000000000000000000000000, S_0x55c565c03580 {0 0 0};
    %end;
    .thread T_1;
# The file index is used to find the file name in the following table.
:file_names 4;
    "N/A";
    "<interactive>";
    "ha_tb.v";
    "ha.v";
