#! /usr/bin/vvp
:ivl_version "11.0 (stable)";
:ivl_delay_selection "TYPICAL";
:vpi_time_precision - 12;
:vpi_module "/usr/lib/x86_64-linux-gnu/ivl/system.vpi";
:vpi_module "/usr/lib/x86_64-linux-gnu/ivl/vhdl_sys.vpi";
:vpi_module "/usr/lib/x86_64-linux-gnu/ivl/vhdl_textio.vpi";
:vpi_module "/usr/lib/x86_64-linux-gnu/ivl/v2005_math.vpi";
:vpi_module "/usr/lib/x86_64-linux-gnu/ivl/va_math.vpi";
S_0x557153effdf0 .scope module, "statemachine" "statemachine" 2 3;
 .timescale -9 -12;
v0x557153f4ba90_0 .var "clk_tb", 0 0;
v0x557153f4bb60_0 .net "out_tb", 0 0, v0x557153f4b880_0;  1 drivers
v0x557153f4bc30_0 .var "reset_tb", 0 0;
S_0x557153efff80 .scope module, "u_fsm0" "fsm" 2 13, 3 1 0, S_0x557153effdf0;
 .timescale -9 -12;
    .port_info 0 /INPUT 1 "clk";
    .port_info 1 /INPUT 1 "reset";
    .port_info 2 /OUTPUT 1 "out";
P_0x557153f242d0 .param/l "a0" 0 3 1, +C4<00000000000000000000000000000001>;
P_0x557153f24310 .param/l "a1" 0 3 1, +C4<00000000000000000000000000000001>;
v0x557153f3a4e0_0 .net "clk", 0 0, v0x557153f4ba90_0;  1 drivers
v0x557153f4b7c0_0 .var "nextstate", 0 0;
v0x557153f4b880_0 .var "out", 0 0;
v0x557153f4b950_0 .net "reset", 0 0, v0x557153f4bc30_0;  1 drivers
E_0x557153f3b420/0 .event negedge, v0x557153f4b950_0;
E_0x557153f3b420/1 .event posedge, v0x557153f3a4e0_0;
E_0x557153f3b420 .event/or E_0x557153f3b420/0, E_0x557153f3b420/1;
    .scope S_0x557153efff80;
T_0 ;
    %pushi/vec4 1, 0, 1;
    %store/vec4 v0x557153f4b7c0_0, 0, 1;
    %end;
    .thread T_0;
    .scope S_0x557153efff80;
T_1 ;
    %wait E_0x557153f3b420;
    %load/vec4 v0x557153f4b950_0;
    %flag_set/vec4 8;
    %jmp/0xz  T_1.0, 8;
    %pushi/vec4 1, 0, 1;
    %assign/vec4 v0x557153f4b880_0, 0;
    %jmp T_1.1;
T_1.0 ;
    %load/vec4 v0x557153f4b7c0_0;
    %assign/vec4 v0x557153f4b880_0, 0;
T_1.1 ;
    %jmp T_1;
    .thread T_1;
    .scope S_0x557153effdf0;
T_2 ;
    %pushi/vec4 0, 0, 1;
    %store/vec4 v0x557153f4ba90_0, 0, 1;
    %pushi/vec4 1, 0, 1;
    %store/vec4 v0x557153f4bc30_0, 0, 1;
    %delay 10000, 0;
    %pushi/vec4 0, 0, 1;
    %store/vec4 v0x557153f4bc30_0, 0, 1;
    %delay 10000, 0;
    %end;
    .thread T_2;
    .scope S_0x557153effdf0;
T_3 ;
    %vpi_call 2 27 "$dumpfile", "fsm.vcd" {0 0 0};
    %vpi_call 2 28 "$dumpvars", 32'sb00000000000000000000000000000000, S_0x557153effdf0 {0 0 0};
    %end;
    .thread T_3;
    .scope S_0x557153effdf0;
T_4 ;
    %delay 10000, 0;
    %load/vec4 v0x557153f4ba90_0;
    %inv;
    %store/vec4 v0x557153f4ba90_0, 0, 1;
    %jmp T_4;
    .thread T_4;
# The file index is used to find the file name in the following table.
:file_names 4;
    "N/A";
    "<interactive>";
    "fsm_tb.v";
    "fsm.v";
