#! /usr/bin/vvp
:ivl_version "11.0 (stable)";
:ivl_delay_selection "TYPICAL";
:vpi_time_precision + 0;
:vpi_module "/usr/lib/x86_64-linux-gnu/ivl/system.vpi";
:vpi_module "/usr/lib/x86_64-linux-gnu/ivl/vhdl_sys.vpi";
:vpi_module "/usr/lib/x86_64-linux-gnu/ivl/vhdl_textio.vpi";
:vpi_module "/usr/lib/x86_64-linux-gnu/ivl/v2005_math.vpi";
:vpi_module "/usr/lib/x86_64-linux-gnu/ivl/va_math.vpi";
S_0x55c58c9c0df0 .scope module, "controller_tb" "controller_tb" 2 1;
 .timescale 0 0;
v0x55c58ca2b590_0 .var "clk_tb", 0 0;
v0x55c58ca2b650_0 .net "halt_tb", 0 0, v0x55c58ca2aa70_0;  1 drivers
v0x55c58ca2b6f0_0 .net "incpc_tb", 0 0, v0x55c58ca2ab30_0;  1 drivers
v0x55c58ca2b7f0_0 .net "loadac_tb", 0 0, v0x55c58ca2abf0_0;  1 drivers
v0x55c58ca2b8c0_0 .net "loadir_tb", 0 0, v0x55c58ca2acb0_0;  1 drivers
v0x55c58ca2b960_0 .net "loadpc_tb", 0 0, v0x55c58ca2ad70_0;  1 drivers
v0x55c58ca2ba30_0 .net "memrd_tb", 0 0, v0x55c58ca2ae30_0;  1 drivers
v0x55c58ca2bb00_0 .net "memwr_tb", 0 0, v0x55c58ca2aef0_0;  1 drivers
v0x55c58ca2bbd0_0 .var "opcode_tb", 2 0;
v0x55c58ca2bca0_0 .var "rst_tb", 0 0;
v0x55c58ca2bd70_0 .var "zero_tb", 0 0;
S_0x55c58c9c0f80 .scope module, "u_control" "controller" 2 16, 3 1 0, S_0x55c58c9c0df0;
 .timescale 0 0;
    .port_info 0 /INPUT 1 "zero";
    .port_info 1 /INPUT 1 "clk";
    .port_info 2 /INPUT 3 "opcode";
    .port_info 3 /INPUT 1 "rst";
    .port_info 4 /OUTPUT 1 "memrd";
    .port_info 5 /OUTPUT 1 "loadir";
    .port_info 6 /OUTPUT 1 "halt";
    .port_info 7 /OUTPUT 1 "incpc";
    .port_info 8 /OUTPUT 1 "loadac";
    .port_info 9 /OUTPUT 1 "loadpc";
    .port_info 10 /OUTPUT 1 "memwr";
P_0x55c58c9fe630 .param/l "ALU_OP" 1 3 22, C4<110>;
P_0x55c58c9fe670 .param/l "IDLE" 1 3 19, C4<011>;
P_0x55c58c9fe6b0 .param/l "INST_ADDER" 1 3 16, C4<000>;
P_0x55c58c9fe6f0 .param/l "INST_FETCH" 1 3 17, C4<001>;
P_0x55c58c9fe730 .param/l "INST_LOAD" 1 3 18, C4<010>;
P_0x55c58c9fe770 .param/l "OP_ADDER" 1 3 20, C4<100>;
P_0x55c58c9fe7b0 .param/l "OP_FETCH" 1 3 21, C4<101>;
P_0x55c58c9fe7f0 .param/l "STORE" 1 3 23, C4<111>;
v0x55c58c9ff720_0 .var "A", 0 0;
v0x55c58ca2a680_0 .var "H", 0 0;
v0x55c58ca2a740_0 .var "J", 0 0;
v0x55c58ca2a7e0_0 .var "S", 0 0;
v0x55c58ca2a8a0_0 .var "Z", 0 0;
v0x55c58ca2a9b0_0 .net "clk", 0 0, v0x55c58ca2b590_0;  1 drivers
v0x55c58ca2aa70_0 .var "halt", 0 0;
v0x55c58ca2ab30_0 .var "incpc", 0 0;
v0x55c58ca2abf0_0 .var "loadac", 0 0;
v0x55c58ca2acb0_0 .var "loadir", 0 0;
v0x55c58ca2ad70_0 .var "loadpc", 0 0;
v0x55c58ca2ae30_0 .var "memrd", 0 0;
v0x55c58ca2aef0_0 .var "memwr", 0 0;
v0x55c58ca2afb0_0 .var "nextstate", 2 0;
v0x55c58ca2b090_0 .net "opcode", 2 0, v0x55c58ca2bbd0_0;  1 drivers
v0x55c58ca2b170_0 .net "rst", 0 0, v0x55c58ca2bca0_0;  1 drivers
v0x55c58ca2b230_0 .var "state", 2 0;
v0x55c58ca2b310_0 .net "zero", 0 0, v0x55c58ca2bd70_0;  1 drivers
E_0x55c58ca00e80/0 .event edge, v0x55c58ca2b230_0, v0x55c58ca2a680_0, v0x55c58c9ff720_0, v0x55c58ca2a8a0_0;
E_0x55c58ca00e80/1 .event edge, v0x55c58ca2a740_0, v0x55c58ca2a7e0_0;
E_0x55c58ca00e80 .event/or E_0x55c58ca00e80/0, E_0x55c58ca00e80/1;
E_0x55c58ca00e40 .event edge, v0x55c58ca2b090_0;
E_0x55c58ca00a20 .event edge, v0x55c58ca2b230_0;
E_0x55c58ca02c50/0 .event negedge, v0x55c58ca2b170_0;
E_0x55c58ca02c50/1 .event posedge, v0x55c58ca2a9b0_0;
E_0x55c58ca02c50 .event/or E_0x55c58ca02c50/0, E_0x55c58ca02c50/1;
    .scope S_0x55c58c9c0f80;
T_0 ;
    %wait E_0x55c58ca02c50;
    %load/vec4 v0x55c58ca2b170_0;
    %nor/r;
    %flag_set/vec4 8;
    %jmp/0xz  T_0.0, 8;
    %pushi/vec4 0, 0, 3;
    %assign/vec4 v0x55c58ca2b230_0, 0;
    %jmp T_0.1;
T_0.0 ;
    %load/vec4 v0x55c58ca2afb0_0;
    %assign/vec4 v0x55c58ca2b230_0, 0;
T_0.1 ;
    %jmp T_0;
    .thread T_0;
    .scope S_0x55c58c9c0f80;
T_1 ;
    %wait E_0x55c58ca00a20;
    %load/vec4 v0x55c58ca2b230_0;
    %dup/vec4;
    %pushi/vec4 0, 0, 3;
    %cmp/u;
    %jmp/1 T_1.0, 6;
    %dup/vec4;
    %pushi/vec4 1, 0, 3;
    %cmp/u;
    %jmp/1 T_1.1, 6;
    %dup/vec4;
    %pushi/vec4 2, 0, 3;
    %cmp/u;
    %jmp/1 T_1.2, 6;
    %dup/vec4;
    %pushi/vec4 3, 0, 3;
    %cmp/u;
    %jmp/1 T_1.3, 6;
    %dup/vec4;
    %pushi/vec4 4, 0, 3;
    %cmp/u;
    %jmp/1 T_1.4, 6;
    %dup/vec4;
    %pushi/vec4 5, 0, 3;
    %cmp/u;
    %jmp/1 T_1.5, 6;
    %dup/vec4;
    %pushi/vec4 6, 0, 3;
    %cmp/u;
    %jmp/1 T_1.6, 6;
    %pushi/vec4 0, 0, 3;
    %assign/vec4 v0x55c58ca2afb0_0, 0;
    %jmp T_1.8;
T_1.0 ;
    %pushi/vec4 1, 0, 3;
    %assign/vec4 v0x55c58ca2afb0_0, 0;
    %jmp T_1.8;
T_1.1 ;
    %pushi/vec4 2, 0, 3;
    %assign/vec4 v0x55c58ca2afb0_0, 0;
    %jmp T_1.8;
T_1.2 ;
    %pushi/vec4 3, 0, 3;
    %assign/vec4 v0x55c58ca2afb0_0, 0;
    %jmp T_1.8;
T_1.3 ;
    %pushi/vec4 4, 0, 3;
    %assign/vec4 v0x55c58ca2afb0_0, 0;
    %jmp T_1.8;
T_1.4 ;
    %pushi/vec4 5, 0, 3;
    %assign/vec4 v0x55c58ca2afb0_0, 0;
    %jmp T_1.8;
T_1.5 ;
    %pushi/vec4 6, 0, 3;
    %assign/vec4 v0x55c58ca2afb0_0, 0;
    %jmp T_1.8;
T_1.6 ;
    %pushi/vec4 7, 0, 3;
    %assign/vec4 v0x55c58ca2afb0_0, 0;
    %jmp T_1.8;
T_1.8 ;
    %pop/vec4 1;
    %jmp T_1;
    .thread T_1, $push;
    .scope S_0x55c58c9c0f80;
T_2 ;
    %wait E_0x55c58ca00e40;
    %load/vec4 v0x55c58ca2b090_0;
    %cmpi/e 0, 0, 3;
    %flag_mov 8, 4;
    %jmp/0 T_2.0, 8;
    %pushi/vec4 1, 0, 2;
    %jmp/1 T_2.1, 8;
T_2.0 ; End of true expr.
    %pushi/vec4 0, 0, 2;
    %jmp/0 T_2.1, 8;
 ; End of false expr.
    %blend;
T_2.1;
    %pad/s 1;
    %store/vec4 v0x55c58ca2a680_0, 0, 1;
    %load/vec4 v0x55c58ca2b090_0;
    %pushi/vec4 1, 0, 3;
    %cmp/e;
    %flag_get/vec4 4;
    %load/vec4 v0x55c58ca2b310_0;
    %pad/u 32;
    %pushi/vec4 1, 0, 32;
    %cmp/e;
    %flag_get/vec4 4;
    %and;
    %flag_set/vec4 8;
    %jmp/0 T_2.2, 8;
    %pushi/vec4 1, 0, 2;
    %jmp/1 T_2.3, 8;
T_2.2 ; End of true expr.
    %pushi/vec4 0, 0, 2;
    %jmp/0 T_2.3, 8;
 ; End of false expr.
    %blend;
T_2.3;
    %pad/s 1;
    %store/vec4 v0x55c58ca2a8a0_0, 0, 1;
    %load/vec4 v0x55c58ca2b090_0;
    %pushi/vec4 2, 0, 3;
    %cmp/e;
    %flag_get/vec4 4;
    %load/vec4 v0x55c58ca2b090_0;
    %pushi/vec4 3, 0, 3;
    %cmp/e;
    %flag_get/vec4 4;
    %or;
    %load/vec4 v0x55c58ca2b090_0;
    %pushi/vec4 4, 0, 3;
    %cmp/e;
    %flag_get/vec4 4;
    %or;
    %load/vec4 v0x55c58ca2b090_0;
    %pushi/vec4 5, 0, 3;
    %cmp/e;
    %flag_get/vec4 4;
    %or;
    %flag_set/vec4 8;
    %jmp/0 T_2.4, 8;
    %pushi/vec4 1, 0, 2;
    %jmp/1 T_2.5, 8;
T_2.4 ; End of true expr.
    %pushi/vec4 0, 0, 2;
    %jmp/0 T_2.5, 8;
 ; End of false expr.
    %blend;
T_2.5;
    %pad/s 1;
    %store/vec4 v0x55c58c9ff720_0, 0, 1;
    %load/vec4 v0x55c58ca2b090_0;
    %cmpi/e 6, 0, 3;
    %flag_mov 8, 4;
    %jmp/0 T_2.6, 8;
    %pushi/vec4 1, 0, 2;
    %jmp/1 T_2.7, 8;
T_2.6 ; End of true expr.
    %pushi/vec4 0, 0, 2;
    %jmp/0 T_2.7, 8;
 ; End of false expr.
    %blend;
T_2.7;
    %pad/s 1;
    %store/vec4 v0x55c58ca2a7e0_0, 0, 1;
    %load/vec4 v0x55c58ca2b090_0;
    %cmpi/e 7, 0, 3;
    %flag_mov 8, 4;
    %jmp/0 T_2.8, 8;
    %pushi/vec4 1, 0, 2;
    %jmp/1 T_2.9, 8;
T_2.8 ; End of true expr.
    %pushi/vec4 0, 0, 2;
    %jmp/0 T_2.9, 8;
 ; End of false expr.
    %blend;
T_2.9;
    %pad/s 1;
    %store/vec4 v0x55c58ca2a740_0, 0, 1;
    %jmp T_2;
    .thread T_2, $push;
    .scope S_0x55c58c9c0f80;
T_3 ;
    %wait E_0x55c58ca00e80;
    %load/vec4 v0x55c58ca2b230_0;
    %cmpi/e 0, 0, 3;
    %jmp/0xz  T_3.0, 4;
    %pushi/vec4 0, 0, 1;
    %store/vec4 v0x55c58ca2ae30_0, 0, 1;
    %pushi/vec4 0, 0, 1;
    %store/vec4 v0x55c58ca2acb0_0, 0, 1;
    %pushi/vec4 0, 0, 1;
    %store/vec4 v0x55c58ca2aa70_0, 0, 1;
    %pushi/vec4 0, 0, 1;
    %store/vec4 v0x55c58ca2ab30_0, 0, 1;
    %pushi/vec4 0, 0, 1;
    %store/vec4 v0x55c58ca2abf0_0, 0, 1;
    %pushi/vec4 0, 0, 1;
    %store/vec4 v0x55c58ca2ad70_0, 0, 1;
    %pushi/vec4 0, 0, 1;
    %store/vec4 v0x55c58ca2aef0_0, 0, 1;
T_3.0 ;
    %load/vec4 v0x55c58ca2b230_0;
    %cmpi/e 1, 0, 3;
    %jmp/0xz  T_3.2, 4;
    %pushi/vec4 1, 0, 1;
    %store/vec4 v0x55c58ca2ae30_0, 0, 1;
    %pushi/vec4 0, 0, 1;
    %store/vec4 v0x55c58ca2acb0_0, 0, 1;
    %pushi/vec4 0, 0, 1;
    %store/vec4 v0x55c58ca2aa70_0, 0, 1;
    %pushi/vec4 0, 0, 1;
    %store/vec4 v0x55c58ca2ab30_0, 0, 1;
    %pushi/vec4 0, 0, 1;
    %store/vec4 v0x55c58ca2abf0_0, 0, 1;
    %pushi/vec4 0, 0, 1;
    %store/vec4 v0x55c58ca2ad70_0, 0, 1;
    %pushi/vec4 0, 0, 1;
    %store/vec4 v0x55c58ca2aef0_0, 0, 1;
T_3.2 ;
    %load/vec4 v0x55c58ca2b230_0;
    %cmpi/e 2, 0, 3;
    %jmp/0xz  T_3.4, 4;
    %pushi/vec4 1, 0, 1;
    %store/vec4 v0x55c58ca2ae30_0, 0, 1;
    %pushi/vec4 1, 0, 1;
    %store/vec4 v0x55c58ca2acb0_0, 0, 1;
    %pushi/vec4 0, 0, 1;
    %store/vec4 v0x55c58ca2aa70_0, 0, 1;
    %pushi/vec4 0, 0, 1;
    %store/vec4 v0x55c58ca2ab30_0, 0, 1;
    %pushi/vec4 0, 0, 1;
    %store/vec4 v0x55c58ca2abf0_0, 0, 1;
    %pushi/vec4 0, 0, 1;
    %store/vec4 v0x55c58ca2ad70_0, 0, 1;
    %pushi/vec4 0, 0, 1;
    %store/vec4 v0x55c58ca2aef0_0, 0, 1;
    %jmp T_3.5;
T_3.4 ;
    %load/vec4 v0x55c58ca2b230_0;
    %cmpi/e 3, 0, 3;
    %jmp/0xz  T_3.6, 4;
    %pushi/vec4 1, 0, 1;
    %store/vec4 v0x55c58ca2ae30_0, 0, 1;
    %pushi/vec4 1, 0, 1;
    %store/vec4 v0x55c58ca2acb0_0, 0, 1;
    %pushi/vec4 0, 0, 1;
    %store/vec4 v0x55c58ca2aa70_0, 0, 1;
    %pushi/vec4 0, 0, 1;
    %store/vec4 v0x55c58ca2ab30_0, 0, 1;
    %pushi/vec4 0, 0, 1;
    %store/vec4 v0x55c58ca2abf0_0, 0, 1;
    %pushi/vec4 0, 0, 1;
    %store/vec4 v0x55c58ca2ad70_0, 0, 1;
    %pushi/vec4 0, 0, 1;
    %store/vec4 v0x55c58ca2aef0_0, 0, 1;
    %jmp T_3.7;
T_3.6 ;
    %load/vec4 v0x55c58ca2b230_0;
    %cmpi/e 3, 0, 3;
    %jmp/0xz  T_3.8, 4;
    %pushi/vec4 0, 0, 1;
    %store/vec4 v0x55c58ca2ae30_0, 0, 1;
    %pushi/vec4 0, 0, 1;
    %store/vec4 v0x55c58ca2acb0_0, 0, 1;
    %load/vec4 v0x55c58ca2a680_0;
    %store/vec4 v0x55c58ca2aa70_0, 0, 1;
    %pushi/vec4 1, 0, 1;
    %store/vec4 v0x55c58ca2ab30_0, 0, 1;
    %pushi/vec4 0, 0, 1;
    %store/vec4 v0x55c58ca2abf0_0, 0, 1;
    %pushi/vec4 0, 0, 1;
    %store/vec4 v0x55c58ca2ad70_0, 0, 1;
    %pushi/vec4 0, 0, 1;
    %store/vec4 v0x55c58ca2aef0_0, 0, 1;
    %jmp T_3.9;
T_3.8 ;
    %load/vec4 v0x55c58ca2b230_0;
    %cmpi/e 4, 0, 3;
    %jmp/0xz  T_3.10, 4;
    %load/vec4 v0x55c58c9ff720_0;
    %store/vec4 v0x55c58ca2ae30_0, 0, 1;
    %pushi/vec4 0, 0, 1;
    %store/vec4 v0x55c58ca2acb0_0, 0, 1;
    %pushi/vec4 0, 0, 1;
    %store/vec4 v0x55c58ca2aa70_0, 0, 1;
    %pushi/vec4 0, 0, 1;
    %store/vec4 v0x55c58ca2ab30_0, 0, 1;
    %pushi/vec4 0, 0, 1;
    %store/vec4 v0x55c58ca2abf0_0, 0, 1;
    %pushi/vec4 0, 0, 1;
    %store/vec4 v0x55c58ca2ad70_0, 0, 1;
    %pushi/vec4 0, 0, 1;
    %store/vec4 v0x55c58ca2aef0_0, 0, 1;
    %jmp T_3.11;
T_3.10 ;
    %load/vec4 v0x55c58ca2b230_0;
    %cmpi/e 5, 0, 3;
    %jmp/0xz  T_3.12, 4;
    %load/vec4 v0x55c58c9ff720_0;
    %store/vec4 v0x55c58ca2ae30_0, 0, 1;
    %pushi/vec4 0, 0, 1;
    %store/vec4 v0x55c58ca2acb0_0, 0, 1;
    %pushi/vec4 0, 0, 1;
    %store/vec4 v0x55c58ca2aa70_0, 0, 1;
    %load/vec4 v0x55c58ca2a8a0_0;
    %store/vec4 v0x55c58ca2ab30_0, 0, 1;
    %load/vec4 v0x55c58c9ff720_0;
    %store/vec4 v0x55c58ca2abf0_0, 0, 1;
    %load/vec4 v0x55c58ca2a740_0;
    %store/vec4 v0x55c58ca2ad70_0, 0, 1;
    %pushi/vec4 0, 0, 1;
    %store/vec4 v0x55c58ca2aef0_0, 0, 1;
    %jmp T_3.13;
T_3.12 ;
    %load/vec4 v0x55c58c9ff720_0;
    %store/vec4 v0x55c58ca2ae30_0, 0, 1;
    %pushi/vec4 0, 0, 1;
    %store/vec4 v0x55c58ca2acb0_0, 0, 1;
    %pushi/vec4 0, 0, 1;
    %store/vec4 v0x55c58ca2aa70_0, 0, 1;
    %load/vec4 v0x55c58ca2a740_0;
    %store/vec4 v0x55c58ca2ab30_0, 0, 1;
    %load/vec4 v0x55c58c9ff720_0;
    %store/vec4 v0x55c58ca2abf0_0, 0, 1;
    %load/vec4 v0x55c58ca2a740_0;
    %store/vec4 v0x55c58ca2ad70_0, 0, 1;
    %load/vec4 v0x55c58ca2a7e0_0;
    %store/vec4 v0x55c58ca2aef0_0, 0, 1;
T_3.13 ;
T_3.11 ;
T_3.9 ;
T_3.7 ;
T_3.5 ;
    %jmp T_3;
    .thread T_3, $push;
    .scope S_0x55c58c9c0df0;
T_4 ;
    %pushi/vec4 0, 0, 1;
    %store/vec4 v0x55c58ca2bd70_0, 0, 1;
    %pushi/vec4 0, 0, 3;
    %store/vec4 v0x55c58ca2bbd0_0, 0, 3;
    %pushi/vec4 0, 0, 1;
    %store/vec4 v0x55c58ca2b590_0, 0, 1;
    %pushi/vec4 0, 0, 1;
    %store/vec4 v0x55c58ca2bca0_0, 0, 1;
    %delay 5, 0;
    %pushi/vec4 0, 0, 1;
    %store/vec4 v0x55c58ca2bd70_0, 0, 1;
    %pushi/vec4 1, 0, 3;
    %store/vec4 v0x55c58ca2bbd0_0, 0, 3;
    %pushi/vec4 1, 0, 1;
    %store/vec4 v0x55c58ca2bca0_0, 0, 1;
    %delay 5, 0;
    %pushi/vec4 0, 0, 1;
    %store/vec4 v0x55c58ca2bd70_0, 0, 1;
    %pushi/vec4 2, 0, 3;
    %store/vec4 v0x55c58ca2bbd0_0, 0, 3;
    %pushi/vec4 1, 0, 1;
    %store/vec4 v0x55c58ca2bca0_0, 0, 1;
    %delay 5, 0;
    %pushi/vec4 0, 0, 1;
    %store/vec4 v0x55c58ca2bd70_0, 0, 1;
    %pushi/vec4 3, 0, 3;
    %store/vec4 v0x55c58ca2bbd0_0, 0, 3;
    %pushi/vec4 1, 0, 1;
    %store/vec4 v0x55c58ca2bca0_0, 0, 1;
    %delay 5, 0;
    %pushi/vec4 0, 0, 1;
    %store/vec4 v0x55c58ca2bd70_0, 0, 1;
    %pushi/vec4 4, 0, 3;
    %store/vec4 v0x55c58ca2bbd0_0, 0, 3;
    %pushi/vec4 1, 0, 1;
    %store/vec4 v0x55c58ca2bca0_0, 0, 1;
    %delay 5, 0;
    %pushi/vec4 0, 0, 1;
    %store/vec4 v0x55c58ca2bd70_0, 0, 1;
    %pushi/vec4 5, 0, 3;
    %store/vec4 v0x55c58ca2bbd0_0, 0, 3;
    %pushi/vec4 1, 0, 1;
    %store/vec4 v0x55c58ca2bca0_0, 0, 1;
    %delay 5, 0;
    %pushi/vec4 0, 0, 1;
    %store/vec4 v0x55c58ca2bd70_0, 0, 1;
    %pushi/vec4 6, 0, 3;
    %store/vec4 v0x55c58ca2bbd0_0, 0, 3;
    %pushi/vec4 1, 0, 1;
    %store/vec4 v0x55c58ca2bca0_0, 0, 1;
    %delay 5, 0;
    %pushi/vec4 0, 0, 1;
    %store/vec4 v0x55c58ca2bd70_0, 0, 1;
    %pushi/vec4 7, 0, 3;
    %store/vec4 v0x55c58ca2bbd0_0, 0, 3;
    %pushi/vec4 1, 0, 1;
    %store/vec4 v0x55c58ca2bca0_0, 0, 1;
    %delay 5, 0;
    %end;
    .thread T_4;
    .scope S_0x55c58c9c0df0;
T_5 ;
    %delay 5, 0;
    %load/vec4 v0x55c58ca2b590_0;
    %inv;
    %store/vec4 v0x55c58ca2b590_0, 0, 1;
    %jmp T_5;
    .thread T_5;
    .scope S_0x55c58c9c0df0;
T_6 ;
    %vpi_call 2 79 "$dumpfile", "sqcont.vcd" {0 0 0};
    %vpi_call 2 80 "$dumpvars", 32'sb00000000000000000000000000000000, S_0x55c58c9c0df0 {0 0 0};
    %end;
    .thread T_6;
# The file index is used to find the file name in the following table.
:file_names 4;
    "N/A";
    "<interactive>";
    "sqcont_tb.v";
    "sqcont.v";
